SF:lib/injection_container.dart
DA:8,3
DA:10,1
DA:11,5
DA:14,1
DA:15,1
LF:5
LH:5
end_of_record
SF:lib/main.dart
DA:11,1
DA:12,1
DA:13,1
DA:14,3
DA:15,2
DA:16,1
DA:17,1
DA:21,2
DA:23,1
DA:25,1
DA:27,1
DA:30,1
DA:31,1
LF:13
LH:13
end_of_record
SF:lib/routes/app_pages.dart
DA:8,3
DA:9,1
DA:11,1
DA:12,1
LF:4
LH:4
end_of_record
SF:lib/screens/home/home_binding.dart
DA:8,1
DA:10,4
DA:11,4
DA:12,3
DA:13,3
LF:5
LH:5
end_of_record
SF:lib/screens/home/home_page.dart
DA:12,1
DA:14,1
DA:16,1
DA:17,1
DA:19,1
DA:20,1
DA:22,1
DA:25,1
DA:26,0
DA:33,1
DA:34,1
DA:38,1
DA:39,1
DA:40,1
DA:41,1
DA:42,1
DA:45,1
DA:46,2
DA:47,2
DA:52,1
DA:53,2
DA:54,2
DA:63,1
DA:64,1
DA:79,1
DA:80,2
DA:81,2
DA:82,2
DA:88,0
DA:89,0
DA:90,0
DA:91,0
DA:92,0
DA:93,0
DA:95,0
DA:97,0
DA:99,0
DA:100,0
DA:105,0
DA:106,0
DA:109,0
DA:111,0
DA:117,0
DA:118,0
DA:121,0
DA:126,0
DA:127,0
DA:128,0
DA:131,0
DA:132,0
DA:133,0
DA:134,0
DA:135,0
DA:137,0
DA:138,0
DA:139,0
DA:140,0
DA:142,0
DA:143,0
DA:144,0
DA:154,0
DA:156,0
LF:62
LH:27
end_of_record
SF:lib/common/loading_widget.dart
DA:4,1
DA:6,1
LF:2
LH:2
end_of_record
SF:lib/common/no_data_widget.dart
DA:6,1
DA:8,1
LF:2
LH:2
end_of_record
SF:lib/core/error/failures.dart
DA:4,0
DA:5,0
LF:2
LH:0
end_of_record
SF:lib/core/usecases/usecase.dart
DA:11,0
DA:12,0
LF:2
LH:0
end_of_record
SF:lib/data/data_injection_container.dart
DA:8,3
DA:10,1
DA:12,2
DA:13,4
DA:17,2
DA:18,2
DA:19,2
LF:7
LH:7
end_of_record
SF:lib/models/task.dart
DA:7,0
DA:18,0
DA:20,0
DA:21,0
DA:22,0
DA:23,0
DA:24,0
DA:31,0
DA:34,0
DA:35,0
DA:36,0
DA:37,0
DA:38,0
DA:39,0
DA:40,0
DA:41,0
DA:45,0
DA:46,0
DA:48,0
DA:49,0
DA:50,0
DA:51,0
DA:52,0
DA:53,0
DA:54,0
LF:25
LH:0
end_of_record
SF:lib/data/datasources/local_data_source.dart
DA:12,1
DA:14,0
DA:17,0
DA:20,0
DA:21,0
DA:25,0
DA:28,0
DA:29,0
DA:31,0
DA:32,0
DA:36,1
DA:39,2
DA:40,1
DA:41,0
DA:42,0
DA:45,1
DA:47,0
DA:48,0
DA:52,0
DA:55,0
DA:56,0
DA:57,0
DA:59,0
DA:60,0
DA:64,0
DA:67,0
DA:68,0
DA:71,0
DA:72,0
DA:76,0
DA:79,0
DA:80,0
DA:81,0
DA:84,0
DA:87,0
DA:88,0
LF:36
LH:5
end_of_record
SF:lib/data/repositories/repository.dart
DA:8,1
LF:1
LH:1
end_of_record
SF:lib/models/entity.dart
DA:8,0
DA:10,0
DA:11,0
DA:12,0
DA:13,0
DA:14,0
DA:22,0
DA:23,0
DA:24,0
DA:25,0
DA:26,0
LF:11
LH:0
end_of_record
SF:lib/models/entity_factory.dart
DA:5,0
DA:7,0
DA:8,0
LF:3
LH:0
end_of_record
SF:lib/domain/domain_injection_container.dart
DA:9,3
DA:11,1
DA:13,2
DA:14,2
DA:15,2
DA:16,6
DA:17,2
LF:7
LH:7
end_of_record
SF:lib/domain/usecases/ts_create_task.dart
DA:10,0
DA:14,0
DA:16,0
DA:17,0
LF:4
LH:0
end_of_record
SF:lib/domain/usecases/ts_delete_task.dart
DA:9,0
DA:13,0
DA:15,0
DA:16,0
LF:4
LH:0
end_of_record
SF:lib/domain/usecases/ts_get_task_detail.dart
DA:10,0
DA:14,0
DA:16,0
DA:17,0
LF:4
LH:0
end_of_record
SF:lib/domain/usecases/ts_get_tasks.dart
DA:10,1
DA:14,1
DA:17,1
DA:18,4
DA:21,0
DA:22,0
LF:6
LH:4
end_of_record
SF:lib/domain/usecases/ts_update_task.dart
DA:10,0
DA:14,0
DA:16,0
DA:17,0
LF:4
LH:0
end_of_record
SF:lib/domain/middle_handlers/middle_handle_result.dart
DA:7,1
DA:16,1
DA:17,1
DA:18,0
DA:19,0
DA:23,0
DA:24,0
LF:7
LH:3
end_of_record
SF:lib/screens/home/components/list_tab.dart
DA:11,1
DA:12,1
DA:13,1
DA:16,1
DA:17,3
DA:19,1
DA:21,2
DA:23,2
DA:24,0
DA:25,0
DA:27,0
DA:28,0
DA:29,0
DA:30,0
DA:31,0
DA:34,0
DA:36,0
DA:41,0
LF:18
LH:8
end_of_record
SF:lib/screens/home/controllers/task_controller.dart
DA:12,0
DA:16,1
DA:17,0
DA:18,0
DA:20,3
DA:21,0
DA:22,0
DA:24,1
DA:25,2
DA:26,1
DA:27,1
DA:28,1
DA:29,2
DA:30,2
DA:32,0
DA:33,0
DA:34,0
DA:36,0
DA:37,0
DA:38,0
DA:41,1
DA:42,2
DA:44,0
DA:48,0
DA:49,0
DA:50,0
DA:52,0
DA:54,0
DA:56,0
DA:59,0
DA:62,0
DA:63,0
DA:64,0
DA:66,0
DA:68,0
DA:70,0
DA:73,0
DA:76,0
DA:77,0
DA:78,0
DA:79,0
DA:80,0
DA:81,0
DA:82,0
LF:44
LH:11
end_of_record
SF:lib/screens/home/components/task_item.dart
DA:11,0
DA:18,0
DA:20,0
DA:22,0
DA:23,0
DA:24,0
DA:27,0
DA:29,0
DA:30,0
DA:31,0
DA:32,0
DA:39,0
DA:41,0
DA:42,0
DA:43,0
DA:44,0
DA:45,0
DA:47,0
DA:52,0
DA:53,0
DA:54,0
DA:59,0
DA:60,0
DA:63,0
DA:64,0
DA:66,0
DA:67,0
DA:68,0
DA:69,0
DA:71,0
DA:72,0
DA:73,0
DA:79,0
DA:81,0
DA:82,0
DA:89,0
DA:90,0
DA:92,0
DA:93,0
DA:108,0
DA:109,0
DA:110,0
DA:111,0
LF:43
LH:0
end_of_record
SF:lib/screens/home/controllers/home_controller.dart
DA:12,0
DA:14,0
DA:17,3
DA:20,3
DA:23,1
DA:25,2
DA:26,1
DA:29,0
DA:30,0
DA:31,0
DA:34,0
DA:35,0
DA:36,0
DA:37,0
DA:40,0
DA:41,0
DA:53,0
DA:54,0
DA:55,0
DA:56,0
DA:58,0
DA:60,0
DA:63,0
DA:66,0
DA:67,0
DA:68,0
LF:26
LH:5
end_of_record
