SF:lib/data/data_injection_container.dart
DA:8,3
DA:10,1
DA:12,2
DA:13,4
DA:17,4
DA:18,2
LF:6
LH:6
end_of_record
SF:lib/data/repositories/repository.dart
DA:8,2
LF:1
LH:1
end_of_record
SF:lib/models/task.dart
DA:7,2
DA:17,1
DA:19,1
DA:20,1
DA:21,1
DA:22,1
DA:29,1
DA:32,1
DA:33,0
DA:34,1
DA:35,0
DA:36,1
DA:37,1
DA:41,0
DA:42,0
DA:44,1
DA:45,1
DA:46,1
DA:47,2
DA:48,2
DA:49,2
LF:21
LH:17
end_of_record
SF:lib/data/datasources/local_data_source.dart
DA:12,1
DA:15,1
DA:17,3
DA:20,0
DA:21,0
DA:26,1
DA:28,2
DA:29,1
DA:31,0
DA:32,0
DA:37,1
DA:39,3
DA:40,3
DA:41,1
DA:43,0
DA:44,0
DA:49,1
DA:52,6
DA:53,1
DA:55,0
DA:56,0
DA:61,1
DA:63,1
DA:64,6
DA:67,0
DA:68,0
DA:73,1
DA:75,3
DA:76,2
DA:77,0
DA:80,6
DA:83,0
DA:84,0
LF:33
LH:20
end_of_record
SF:lib/models/entity.dart
DA:9,2
DA:11,1
DA:12,1
DA:13,1
DA:14,1
DA:15,1
DA:23,0
DA:24,2
DA:25,1
DA:26,1
DA:27,1
LF:11
LH:10
end_of_record
SF:lib/models/entity_factory.dart
DA:5,1
DA:7,1
DA:8,1
LF:3
LH:3
end_of_record
SF:lib/domain/domain_injection_container.dart
DA:9,3
DA:11,1
DA:13,6
DA:14,6
DA:15,6
DA:16,6
DA:17,6
LF:7
LH:7
end_of_record
SF:lib/domain/usecases/ts_create_task.dart
DA:10,1
DA:14,1
DA:16,1
DA:17,5
LF:4
LH:4
end_of_record
SF:lib/domain/usecases/ts_delete_task.dart
DA:9,1
DA:13,1
DA:15,1
DA:16,5
LF:4
LH:4
end_of_record
SF:lib/domain/usecases/ts_get_task_detail.dart
DA:10,1
DA:14,1
DA:16,1
DA:17,5
LF:4
LH:4
end_of_record
SF:lib/domain/usecases/ts_get_tasks.dart
DA:10,1
DA:14,1
DA:17,1
DA:18,5
DA:21,1
DA:22,5
LF:6
LH:6
end_of_record
SF:lib/domain/usecases/ts_update_task.dart
DA:10,1
DA:14,1
DA:16,1
DA:17,6
LF:4
LH:4
end_of_record
SF:lib/core/error/failures.dart
DA:4,0
DA:5,0
LF:2
LH:0
end_of_record
SF:lib/core/usecases/usecase.dart
DA:11,0
DA:12,0
LF:2
LH:0
end_of_record
SF:lib/domain/middle_handlers/middle_handle_result.dart
DA:7,1
DA:15,2
DA:16,1
DA:17,1
DA:18,2
DA:22,1
DA:23,2
LF:7
LH:7
end_of_record
SF:lib/screens/home/controllers/home_controller.dart
DA:8,0
DA:11,0
DA:14,0
DA:17,0
DA:19,0
DA:20,0
DA:23,0
DA:24,0
DA:25,0
DA:28,0
DA:29,0
DA:32,0
DA:33,0
DA:45,0
DA:46,0
DA:47,0
DA:48,0
DA:51,0
DA:52,0
LF:19
LH:0
end_of_record
SF:lib/screens/home/controllers/task_controller.dart
DA:11,0
DA:12,0
DA:13,0
DA:15,0
DA:16,0
DA:17,0
DA:19,0
DA:20,0
DA:21,0
DA:22,0
DA:23,0
DA:24,0
DA:25,0
DA:27,0
DA:28,0
DA:29,0
DA:31,0
DA:32,0
DA:33,0
DA:36,0
DA:39,0
DA:40,0
DA:41,0
DA:44,0
DA:45,0
DA:46,0
DA:49,0
DA:50,0
DA:51,0
DA:52,0
DA:53,0
LF:31
LH:0
end_of_record
SF:lib/screens/home/home_binding.dart
DA:8,0
DA:10,0
DA:11,0
DA:12,0
DA:13,0
LF:5
LH:0
end_of_record
SF:lib/injection_container.dart
DA:8,0
DA:10,0
DA:11,0
DA:14,0
DA:15,0
LF:5
LH:0
end_of_record
