SF:lib/data/data_injection_container.dart
DA:8,6
DA:10,2
DA:12,4
DA:13,8
DA:17,8
DA:18,4
LF:6
LH:6
end_of_record
SF:lib/data/repositories/repository.dart
DA:8,3
LF:1
LH:1
end_of_record
SF:lib/models/task.dart
DA:7,3
DA:17,1
DA:19,1
DA:20,1
DA:21,1
DA:22,1
DA:29,1
DA:32,1
DA:33,0
DA:34,1
DA:35,0
DA:36,1
DA:37,1
DA:41,1
DA:42,4
DA:44,1
DA:45,1
DA:46,1
DA:47,2
DA:48,2
DA:49,2
LF:21
LH:19
end_of_record
SF:lib/data/datasources/local_data_source.dart
DA:12,2
DA:15,1
DA:17,3
DA:20,0
DA:21,0
DA:26,1
DA:28,2
DA:29,1
DA:31,0
DA:32,0
DA:37,2
DA:39,6
DA:40,3
DA:41,2
DA:43,0
DA:44,0
DA:49,1
DA:52,6
DA:53,1
DA:55,0
DA:56,0
DA:61,1
DA:63,1
DA:64,6
DA:67,0
DA:68,0
DA:73,1
DA:75,3
DA:76,2
DA:77,0
DA:80,6
DA:83,0
DA:84,0
LF:33
LH:20
end_of_record
SF:lib/models/entity.dart
DA:9,3
DA:11,1
DA:12,1
DA:13,1
DA:14,1
DA:15,1
DA:23,0
DA:24,2
DA:25,1
DA:26,1
DA:27,1
LF:11
LH:10
end_of_record
SF:lib/models/entity_factory.dart
DA:5,1
DA:7,1
DA:8,1
LF:3
LH:3
end_of_record
SF:lib/domain/domain_injection_container.dart
DA:9,6
DA:11,2
DA:13,8
DA:14,8
DA:15,8
DA:16,12
DA:17,8
LF:7
LH:7
end_of_record
SF:lib/domain/usecases/ts_create_task.dart
DA:10,1
DA:14,1
DA:16,1
DA:17,5
LF:4
LH:4
end_of_record
SF:lib/domain/usecases/ts_delete_task.dart
DA:9,1
DA:13,1
DA:15,1
DA:16,5
LF:4
LH:4
end_of_record
SF:lib/domain/usecases/ts_get_task_detail.dart
DA:10,1
DA:14,1
DA:16,1
DA:17,5
LF:4
LH:4
end_of_record
SF:lib/domain/usecases/ts_get_tasks.dart
DA:10,2
DA:14,2
DA:17,2
DA:18,10
DA:21,1
DA:22,5
LF:6
LH:6
end_of_record
SF:lib/domain/usecases/ts_update_task.dart
DA:10,1
DA:14,1
DA:16,1
DA:17,6
LF:4
LH:4
end_of_record
SF:lib/core/error/failures.dart
DA:4,0
DA:5,0
LF:2
LH:0
end_of_record
SF:lib/core/usecases/usecase.dart
DA:11,0
DA:12,0
LF:2
LH:0
end_of_record
SF:lib/domain/middle_handlers/middle_handle_result.dart
DA:7,2
DA:15,4
DA:16,2
DA:17,1
DA:18,2
DA:22,1
DA:23,2
LF:7
LH:7
end_of_record
SF:lib/injection_container.dart
DA:8,6
DA:10,1
DA:11,5
DA:14,1
DA:15,1
LF:5
LH:5
end_of_record
SF:lib/main.dart
DA:11,0
DA:12,0
DA:13,0
DA:14,0
DA:15,0
DA:16,0
DA:17,0
DA:21,3
DA:23,1
DA:25,1
DA:27,1
DA:30,1
DA:31,1
LF:13
LH:6
end_of_record
SF:lib/routes/app_pages.dart
DA:8,3
DA:9,1
DA:11,2
DA:12,1
LF:4
LH:4
end_of_record
SF:lib/screens/home/home_binding.dart
DA:8,2
DA:10,8
DA:11,8
DA:12,8
DA:13,8
LF:5
LH:5
end_of_record
SF:lib/screens/home/home_page.dart
DA:12,3
DA:14,2
DA:16,2
DA:17,2
DA:19,2
DA:20,2
DA:22,2
DA:25,2
DA:26,2
DA:33,2
DA:34,2
DA:38,2
DA:39,2
DA:40,2
DA:41,2
DA:42,2
DA:45,2
DA:46,4
DA:47,4
DA:52,2
DA:53,4
DA:54,4
DA:63,2
DA:64,2
DA:79,6
DA:80,4
DA:81,4
DA:86,1
DA:87,1
DA:88,1
DA:89,1
DA:90,2
DA:91,1
DA:93,1
DA:95,1
DA:97,1
DA:98,1
DA:99,1
DA:103,1
DA:104,1
DA:107,1
DA:109,1
DA:110,1
DA:115,1
DA:116,1
DA:119,1
DA:124,1
DA:125,1
DA:126,2
DA:129,1
DA:130,1
DA:131,2
DA:132,2
DA:133,2
DA:135,2
DA:136,2
DA:137,2
DA:138,2
DA:139,3
DA:140,4
DA:150,1
DA:152,2
LF:62
LH:62
end_of_record
SF:lib/screens/home/controllers/home_controller.dart
DA:8,3
DA:11,6
DA:14,6
DA:17,1
DA:19,2
DA:20,1
DA:23,1
DA:24,2
DA:25,2
DA:28,1
DA:29,2
DA:32,1
DA:33,2
DA:45,2
DA:46,2
DA:47,2
DA:48,2
DA:51,1
DA:52,2
LF:19
LH:19
end_of_record
SF:lib/common/loading_widget.dart
DA:4,2
DA:6,2
DA:8,2
LF:3
LH:3
end_of_record
SF:lib/common/no_data_widget.dart
DA:6,2
DA:8,2
DA:10,2
LF:3
LH:3
end_of_record
SF:lib/screens/home/components/list_tab.dart
DA:12,2
DA:13,2
DA:14,2
DA:17,9
DA:19,2
DA:21,4
DA:23,5
DA:24,1
DA:26,1
DA:27,2
DA:28,1
DA:29,3
DA:30,1
DA:32,4
DA:34,1
DA:39,0
LF:16
LH:15
end_of_record
SF:lib/screens/home/controllers/task_controller.dart
DA:11,2
DA:12,1
DA:13,1
DA:15,6
DA:16,3
DA:17,3
DA:19,2
DA:20,4
DA:21,2
DA:22,2
DA:23,2
DA:24,6
DA:25,6
DA:27,1
DA:28,3
DA:29,4
DA:31,1
DA:32,3
DA:33,2
DA:36,6
DA:37,2
DA:40,1
DA:41,4
DA:42,1
DA:45,1
DA:46,3
DA:47,1
DA:50,1
DA:51,2
DA:52,1
DA:53,1
DA:54,1
LF:32
LH:32
end_of_record
SF:lib/screens/home/components/task_item.dart
DA:11,1
DA:18,1
DA:20,1
DA:22,1
DA:23,1
DA:24,1
DA:27,3
DA:31,1
DA:32,2
DA:33,1
DA:34,3
DA:41,1
DA:42,1
DA:43,1
DA:44,1
DA:45,2
DA:46,4
DA:48,3
DA:53,1
DA:54,1
DA:55,3
DA:59,3
DA:62,1
DA:65,1
DA:66,3
DA:70,1
DA:71,1
DA:72,1
DA:74,1
DA:75,3
DA:82,3
DA:83,1
DA:85,1
DA:86,1
DA:101,1
DA:102,1
DA:103,2
DA:104,3
LF:38
LH:38
end_of_record
